<component name="libraryTable">
  <library name="junit-4.11-sources">
    <CLASSES />
    <JAVADOC />
    <SOURCES>
      <root url="jar://$PROJECT_DIR$/day13-junit-reflect-annotation-proxy-app/lib/junit-4.11-sources.jar!/" />
    </SOURCES>
  </library>
</component>