<component name="libraryTable">
  <library name="junit-4.13.21">
    <CLASSES>
      <root url="jar://$PROJECT_DIR$/day13-junit-reflect-annotation-proxy-app/lib/junit-4.13.2.jar!/" />
    </CLASSES>
    <JAVADOC />
    <SOURCES />
  </library>
</component>